
*** Running vivado
    with args -log secundomer.vds -m64 -product Vivado -mode batch -messageDb vivado.pb -notrace -source secundomer.tcl


Режим вывода команд на экран (ECHO) отключен.
Режим вывода команд на экран (ECHO) отключен.

****** Vivado v2023.2 (64-bit)
  **** SW Build 4029153 on Fri Oct 13 20:14:34 MDT 2023
  **** IP Build 4028589 on Sat Oct 14 00:45:43 MDT 2023
  **** SharedData Build 4025554 on Tue Oct 10 17:18:54 MDT 2023
    ** Copyright 1986-2022 Xilinx, Inc. All Rights Reserved.
    ** Copyright 2022-2023 Advanced Micro Devices, Inc. All Rights Reserved.

source secundomer.tcl -notrace
create_project: Time (s): cpu = 00:00:05 ; elapsed = 00:00:05 . Memory (MB): peak = 456.176 ; gain = 182.000
Command: read_checkpoint -auto_incremental -incremental C:/Users/perhat.amanlyyev/cs223_lab5/cs223_lab5.srcs/utils_1/imports/synth_1/secundomer.dcp
INFO: [Vivado 12-5825] Read reference checkpoint from C:/Users/perhat.amanlyyev/cs223_lab5/cs223_lab5.srcs/utils_1/imports/synth_1/secundomer.dcp for incremental synthesis
INFO: [Vivado 12-7989] Please ensure there are no constraint changes
Command: synth_design -top secundomer -part xc7a35tcpg236-1
Starting synth_design
Attempting to get a license for feature 'Synthesis' and/or device 'xc7a35t'
INFO: [Common 17-349] Got license for feature 'Synthesis' and/or device 'xc7a35t'
INFO: [Device 21-403] Loading part xc7a35tcpg236-1
INFO: [Designutils 20-5440] No compile time benefit to using incremental synthesis; A full resynthesis will be run
INFO: [Designutils 20-4379] Flow is switching to default flow due to incremental criteria not met. If you would like to alter this behaviour and have the flow terminate instead, please set the following parameter config_implementation {autoIncr.Synth.RejectBehavior Terminate}
INFO: [Synth 8-7079] Multithreading enabled for synth_design using a maximum of 2 processes.
INFO: [Synth 8-7078] Launching helper process for spawning children vivado processes
INFO: [Synth 8-7075] Helper process launched with PID 17968
---------------------------------------------------------------------------------
Starting RTL Elaboration : Time (s): cpu = 00:00:05 ; elapsed = 00:00:05 . Memory (MB): peak = 1293.512 ; gain = 441.395
---------------------------------------------------------------------------------
WARNING: [Synth 8-10929] literal value 'h5F5E100 truncated to fit in 26 bits [C:/Users/perhat.amanlyyev/cs223_lab5/cs223_lab5.srcs/sources_1/new/secundomer21.sv:28]
WARNING: [Synth 8-10929] literal value 'h5F5E100 truncated to fit in 26 bits [C:/Users/perhat.amanlyyev/cs223_lab5/cs223_lab5.srcs/sources_1/new/secundomer.sv:28]
CRITICAL WARNING: [Synth 8-9873] overwriting previous definition of module 'slowClock' [C:/Users/perhat.amanlyyev/cs223_lab5/cs223_lab5.srcs/sources_1/new/secundomer.sv:35]
INFO: [Synth 8-9937] previous definition of design element 'slowClock' is here [C:/Users/perhat.amanlyyev/cs223_lab5/cs223_lab5.srcs/sources_1/new/secundomer21.sv:35]
INFO: [Synth 8-6157] synthesizing module 'secundomer' [C:/Users/perhat.amanlyyev/cs223_lab5/cs223_lab5.srcs/sources_1/new/secundomer.sv:37]
INFO: [Synth 8-6157] synthesizing module 'slowClock' [C:/Users/perhat.amanlyyev/cs223_lab5/cs223_lab5.srcs/sources_1/new/secundomer.sv:21]
INFO: [Synth 8-6155] done synthesizing module 'slowClock' (0#1) [C:/Users/perhat.amanlyyev/cs223_lab5/cs223_lab5.srcs/sources_1/new/secundomer.sv:21]
INFO: [Synth 8-6155] done synthesizing module 'secundomer' (0#1) [C:/Users/perhat.amanlyyev/cs223_lab5/cs223_lab5.srcs/sources_1/new/secundomer.sv:37]
---------------------------------------------------------------------------------
Finished RTL Elaboration : Time (s): cpu = 00:00:06 ; elapsed = 00:00:06 . Memory (MB): peak = 1400.555 ; gain = 548.438
---------------------------------------------------------------------------------
---------------------------------------------------------------------------------
Start Handling Custom Attributes
---------------------------------------------------------------------------------
---------------------------------------------------------------------------------
Finished Handling Custom Attributes : Time (s): cpu = 00:00:06 ; elapsed = 00:00:06 . Memory (MB): peak = 1400.555 ; gain = 548.438
---------------------------------------------------------------------------------
---------------------------------------------------------------------------------
Finished RTL Optimization Phase 1 : Time (s): cpu = 00:00:06 ; elapsed = 00:00:06 . Memory (MB): peak = 1400.555 ; gain = 548.438
---------------------------------------------------------------------------------
Netlist sorting complete. Time (s): cpu = 00:00:00 ; elapsed = 00:00:00.001 . Memory (MB): peak = 1400.555 ; gain = 0.000
INFO: [Project 1-570] Preparing netlist for logic optimization

Processing XDC Constraints
Initializing timing engine
Parsing XDC File [C:/Users/perhat.amanlyyev/cs223_lab5/cs223_lab5.srcs/constrs_1/new/sec.xdc]
WARNING: [Vivado 12-507] No nets matched 'clock_IBUF'. [C:/Users/perhat.amanlyyev/cs223_lab5/cs223_lab5.srcs/constrs_1/new/sec.xdc:28]
CRITICAL WARNING: [Common 17-55] 'set_property' expects at least one object. [C:/Users/perhat.amanlyyev/cs223_lab5/cs223_lab5.srcs/constrs_1/new/sec.xdc:28]
Resolution: If [get_<value>] was used to populate the object, check to make sure this command returns at least one valid object.
Finished Parsing XDC File [C:/Users/perhat.amanlyyev/cs223_lab5/cs223_lab5.srcs/constrs_1/new/sec.xdc]
INFO: [Project 1-236] Implementation specific constraints were found while reading constraint file [C:/Users/perhat.amanlyyev/cs223_lab5/cs223_lab5.srcs/constrs_1/new/sec.xdc]. These constraints will be ignored for synthesis but will be used in implementation. Impacted constraints are listed in the file [.Xil/secundomer_propImpl.xdc].
Resolution: To avoid this warning, move constraints listed in [.Xil/secundomer_propImpl.xdc] to another XDC file and exclude this new file from synthesis with the used_in_synthesis property (File Properties dialog in GUI) and re-run elaboration/synthesis.
Parsing XDC File [C:/Users/perhat.amanlyyev/cs223_lab5/cs223_lab5.srcs/constrs_1/new/sec21.xdc]
WARNING: [Vivado 12-507] No nets matched 'clock_IBUF'. [C:/Users/perhat.amanlyyev/cs223_lab5/cs223_lab5.srcs/constrs_1/new/sec21.xdc:28]
CRITICAL WARNING: [Common 17-55] 'set_property' expects at least one object. [C:/Users/perhat.amanlyyev/cs223_lab5/cs223_lab5.srcs/constrs_1/new/sec21.xdc:28]
Resolution: If [get_<value>] was used to populate the object, check to make sure this command returns at least one valid object.
Finished Parsing XDC File [C:/Users/perhat.amanlyyev/cs223_lab5/cs223_lab5.srcs/constrs_1/new/sec21.xdc]
INFO: [Project 1-236] Implementation specific constraints were found while reading constraint file [C:/Users/perhat.amanlyyev/cs223_lab5/cs223_lab5.srcs/constrs_1/new/sec21.xdc]. These constraints will be ignored for synthesis but will be used in implementation. Impacted constraints are listed in the file [.Xil/secundomer_propImpl.xdc].
Resolution: To avoid this warning, move constraints listed in [.Xil/secundomer_propImpl.xdc] to another XDC file and exclude this new file from synthesis with the used_in_synthesis property (File Properties dialog in GUI) and re-run elaboration/synthesis.
Parsing XDC File [C:/Users/perhat.amanlyyev/cs223_lab5/cs223_lab5.srcs/constrs_1/new/fonari.xdc]
WARNING: [Vivado 12-584] No ports matched 'sa'. [C:/Users/perhat.amanlyyev/cs223_lab5/cs223_lab5.srcs/constrs_1/new/fonari.xdc:1]
CRITICAL WARNING: [Common 17-55] 'set_property' expects at least one object. [C:/Users/perhat.amanlyyev/cs223_lab5/cs223_lab5.srcs/constrs_1/new/fonari.xdc:1]
Resolution: If [get_<value>] was used to populate the object, check to make sure this command returns at least one valid object.
WARNING: [Vivado 12-584] No ports matched 'sb'. [C:/Users/perhat.amanlyyev/cs223_lab5/cs223_lab5.srcs/constrs_1/new/fonari.xdc:2]
CRITICAL WARNING: [Common 17-55] 'set_property' expects at least one object. [C:/Users/perhat.amanlyyev/cs223_lab5/cs223_lab5.srcs/constrs_1/new/fonari.xdc:2]
Resolution: If [get_<value>] was used to populate the object, check to make sure this command returns at least one valid object.
WARNING: [Vivado 12-584] No ports matched 'out[5]'. [C:/Users/perhat.amanlyyev/cs223_lab5/cs223_lab5.srcs/constrs_1/new/fonari.xdc:3]
CRITICAL WARNING: [Common 17-55] 'set_property' expects at least one object. [C:/Users/perhat.amanlyyev/cs223_lab5/cs223_lab5.srcs/constrs_1/new/fonari.xdc:3]
Resolution: If [get_<value>] was used to populate the object, check to make sure this command returns at least one valid object.
WARNING: [Vivado 12-584] No ports matched 'out[4]'. [C:/Users/perhat.amanlyyev/cs223_lab5/cs223_lab5.srcs/constrs_1/new/fonari.xdc:4]
CRITICAL WARNING: [Common 17-55] 'set_property' expects at least one object. [C:/Users/perhat.amanlyyev/cs223_lab5/cs223_lab5.srcs/constrs_1/new/fonari.xdc:4]
Resolution: If [get_<value>] was used to populate the object, check to make sure this command returns at least one valid object.
WARNING: [Vivado 12-584] No ports matched 'out[3]'. [C:/Users/perhat.amanlyyev/cs223_lab5/cs223_lab5.srcs/constrs_1/new/fonari.xdc:5]
CRITICAL WARNING: [Common 17-55] 'set_property' expects at least one object. [C:/Users/perhat.amanlyyev/cs223_lab5/cs223_lab5.srcs/constrs_1/new/fonari.xdc:5]
Resolution: If [get_<value>] was used to populate the object, check to make sure this command returns at least one valid object.
WARNING: [Vivado 12-584] No ports matched 'out[2]'. [C:/Users/perhat.amanlyyev/cs223_lab5/cs223_lab5.srcs/constrs_1/new/fonari.xdc:6]
CRITICAL WARNING: [Common 17-55] 'set_property' expects at least one object. [C:/Users/perhat.amanlyyev/cs223_lab5/cs223_lab5.srcs/constrs_1/new/fonari.xdc:6]
Resolution: If [get_<value>] was used to populate the object, check to make sure this command returns at least one valid object.
WARNING: [Vivado 12-584] No ports matched 'out[1]'. [C:/Users/perhat.amanlyyev/cs223_lab5/cs223_lab5.srcs/constrs_1/new/fonari.xdc:7]
CRITICAL WARNING: [Common 17-55] 'set_property' expects at least one object. [C:/Users/perhat.amanlyyev/cs223_lab5/cs223_lab5.srcs/constrs_1/new/fonari.xdc:7]
Resolution: If [get_<value>] was used to populate the object, check to make sure this command returns at least one valid object.
WARNING: [Vivado 12-584] No ports matched 'out[0]'. [C:/Users/perhat.amanlyyev/cs223_lab5/cs223_lab5.srcs/constrs_1/new/fonari.xdc:8]
CRITICAL WARNING: [Common 17-55] 'set_property' expects at least one object. [C:/Users/perhat.amanlyyev/cs223_lab5/cs223_lab5.srcs/constrs_1/new/fonari.xdc:8]
Resolution: If [get_<value>] was used to populate the object, check to make sure this command returns at least one valid object.
WARNING: [Vivado 12-584] No ports matched 'out[0]'. [C:/Users/perhat.amanlyyev/cs223_lab5/cs223_lab5.srcs/constrs_1/new/fonari.xdc:9]
CRITICAL WARNING: [Common 17-55] 'set_property' expects at least one object. [C:/Users/perhat.amanlyyev/cs223_lab5/cs223_lab5.srcs/constrs_1/new/fonari.xdc:9]
Resolution: If [get_<value>] was used to populate the object, check to make sure this command returns at least one valid object.
WARNING: [Vivado 12-584] No ports matched 'out[1]'. [C:/Users/perhat.amanlyyev/cs223_lab5/cs223_lab5.srcs/constrs_1/new/fonari.xdc:10]
CRITICAL WARNING: [Common 17-55] 'set_property' expects at least one object. [C:/Users/perhat.amanlyyev/cs223_lab5/cs223_lab5.srcs/constrs_1/new/fonari.xdc:10]
Resolution: If [get_<value>] was used to populate the object, check to make sure this command returns at least one valid object.
WARNING: [Vivado 12-584] No ports matched 'out[2]'. [C:/Users/perhat.amanlyyev/cs223_lab5/cs223_lab5.srcs/constrs_1/new/fonari.xdc:11]
CRITICAL WARNING: [Common 17-55] 'set_property' expects at least one object. [C:/Users/perhat.amanlyyev/cs223_lab5/cs223_lab5.srcs/constrs_1/new/fonari.xdc:11]
Resolution: If [get_<value>] was used to populate the object, check to make sure this command returns at least one valid object.
WARNING: [Vivado 12-584] No ports matched 'out[3]'. [C:/Users/perhat.amanlyyev/cs223_lab5/cs223_lab5.srcs/constrs_1/new/fonari.xdc:12]
CRITICAL WARNING: [Common 17-55] 'set_property' expects at least one object. [C:/Users/perhat.amanlyyev/cs223_lab5/cs223_lab5.srcs/constrs_1/new/fonari.xdc:12]
Resolution: If [get_<value>] was used to populate the object, check to make sure this command returns at least one valid object.
WARNING: [Vivado 12-584] No ports matched 'out[4]'. [C:/Users/perhat.amanlyyev/cs223_lab5/cs223_lab5.srcs/constrs_1/new/fonari.xdc:13]
CRITICAL WARNING: [Common 17-55] 'set_property' expects at least one object. [C:/Users/perhat.amanlyyev/cs223_lab5/cs223_lab5.srcs/constrs_1/new/fonari.xdc:13]
Resolution: If [get_<value>] was used to populate the object, check to make sure this command returns at least one valid object.
WARNING: [Vivado 12-584] No ports matched 'out[5]'. [C:/Users/perhat.amanlyyev/cs223_lab5/cs223_lab5.srcs/constrs_1/new/fonari.xdc:14]
CRITICAL WARNING: [Common 17-55] 'set_property' expects at least one object. [C:/Users/perhat.amanlyyev/cs223_lab5/cs223_lab5.srcs/constrs_1/new/fonari.xdc:14]
Resolution: If [get_<value>] was used to populate the object, check to make sure this command returns at least one valid object.
WARNING: [Vivado 12-584] No ports matched 'sb'. [C:/Users/perhat.amanlyyev/cs223_lab5/cs223_lab5.srcs/constrs_1/new/fonari.xdc:15]
CRITICAL WARNING: [Common 17-55] 'set_property' expects at least one object. [C:/Users/perhat.amanlyyev/cs223_lab5/cs223_lab5.srcs/constrs_1/new/fonari.xdc:15]
Resolution: If [get_<value>] was used to populate the object, check to make sure this command returns at least one valid object.
WARNING: [Vivado 12-584] No ports matched 'sa'. [C:/Users/perhat.amanlyyev/cs223_lab5/cs223_lab5.srcs/constrs_1/new/fonari.xdc:16]
CRITICAL WARNING: [Common 17-55] 'set_property' expects at least one object. [C:/Users/perhat.amanlyyev/cs223_lab5/cs223_lab5.srcs/constrs_1/new/fonari.xdc:16]
Resolution: If [get_<value>] was used to populate the object, check to make sure this command returns at least one valid object.
Finished Parsing XDC File [C:/Users/perhat.amanlyyev/cs223_lab5/cs223_lab5.srcs/constrs_1/new/fonari.xdc]
Completed Processing XDC Constraints

Netlist sorting complete. Time (s): cpu = 00:00:00 ; elapsed = 00:00:00 . Memory (MB): peak = 1484.852 ; gain = 0.000
INFO: [Project 1-111] Unisim Transformation Summary:
No Unisim elements were transformed.

Системе не удается найти указанный путь.
Constraint Validation Runtime : Time (s): cpu = 00:00:00 ; elapsed = 00:00:00.002 . Memory (MB): peak = 1484.852 ; gain = 0.000
INFO: [Designutils 20-5440] No compile time benefit to using incremental synthesis; A full resynthesis will be run
INFO: [Designutils 20-4379] Flow is switching to default flow due to incremental criteria not met. If you would like to alter this behaviour and have the flow terminate instead, please set the following parameter config_implementation {autoIncr.Synth.RejectBehavior Terminate}
---------------------------------------------------------------------------------
Finished Constraint Validation : Time (s): cpu = 00:00:12 ; elapsed = 00:00:13 . Memory (MB): peak = 1484.852 ; gain = 632.734
---------------------------------------------------------------------------------
---------------------------------------------------------------------------------
Start Loading Part and Timing Information
---------------------------------------------------------------------------------
Loading part: xc7a35tcpg236-1
---------------------------------------------------------------------------------
Finished Loading Part and Timing Information : Time (s): cpu = 00:00:12 ; elapsed = 00:00:13 . Memory (MB): peak = 1484.852 ; gain = 632.734
---------------------------------------------------------------------------------
---------------------------------------------------------------------------------
Start Applying 'set_property' XDC Constraints
---------------------------------------------------------------------------------
---------------------------------------------------------------------------------
Finished applying 'set_property' XDC Constraints : Time (s): cpu = 00:00:12 ; elapsed = 00:00:13 . Memory (MB): peak = 1484.852 ; gain = 632.734
---------------------------------------------------------------------------------
---------------------------------------------------------------------------------
Finished RTL Optimization Phase 2 : Time (s): cpu = 00:00:13 ; elapsed = 00:00:13 . Memory (MB): peak = 1484.852 ; gain = 632.734
---------------------------------------------------------------------------------
---------------------------------------------------------------------------------
Start RTL Component Statistics 
---------------------------------------------------------------------------------
Detailed RTL Component Info : 
+---Adders : 
	   2 Input   26 Bit       Adders := 1     
	   2 Input    4 Bit       Adders := 4     
+---Registers : 
	               26 Bit    Registers := 1     
	                4 Bit    Registers := 4     
	                1 Bit    Registers := 1     
+---Muxes : 
	   4 Input    4 Bit        Muxes := 2     
	   2 Input    4 Bit        Muxes := 6     
	   2 Input    1 Bit        Muxes := 9     
---------------------------------------------------------------------------------
Finished RTL Component Statistics 
---------------------------------------------------------------------------------
---------------------------------------------------------------------------------
Start Part Resource Summary
---------------------------------------------------------------------------------
Part Resources:
DSPs: 90 (col length:60)
BRAMs: 100 (col length: RAMB18 60 RAMB36 30)
---------------------------------------------------------------------------------
Finished Part Resource Summary
---------------------------------------------------------------------------------
---------------------------------------------------------------------------------
Start Cross Boundary and Area Optimization
---------------------------------------------------------------------------------
WARNING: [Synth 8-7080] Parallel synthesis criteria is not met
---------------------------------------------------------------------------------
Finished Cross Boundary and Area Optimization : Time (s): cpu = 00:00:15 ; elapsed = 00:00:15 . Memory (MB): peak = 1484.852 ; gain = 632.734
---------------------------------------------------------------------------------
---------------------------------------------------------------------------------
Start Applying XDC Timing Constraints
---------------------------------------------------------------------------------
---------------------------------------------------------------------------------
Finished Applying XDC Timing Constraints : Time (s): cpu = 00:00:19 ; elapsed = 00:00:20 . Memory (MB): peak = 1484.852 ; gain = 632.734
---------------------------------------------------------------------------------
---------------------------------------------------------------------------------
Start Timing Optimization
---------------------------------------------------------------------------------
---------------------------------------------------------------------------------
Finished Timing Optimization : Time (s): cpu = 00:00:19 ; elapsed = 00:00:20 . Memory (MB): peak = 1484.852 ; gain = 632.734
---------------------------------------------------------------------------------
---------------------------------------------------------------------------------
Start Technology Mapping
---------------------------------------------------------------------------------
---------------------------------------------------------------------------------
Finished Technology Mapping : Time (s): cpu = 00:00:19 ; elapsed = 00:00:20 . Memory (MB): peak = 1484.852 ; gain = 632.734
---------------------------------------------------------------------------------
---------------------------------------------------------------------------------
Start IO Insertion
---------------------------------------------------------------------------------
---------------------------------------------------------------------------------
Start Flattening Before IO Insertion
---------------------------------------------------------------------------------
---------------------------------------------------------------------------------
Finished Flattening Before IO Insertion
---------------------------------------------------------------------------------
---------------------------------------------------------------------------------
Start Final Netlist Cleanup
---------------------------------------------------------------------------------
---------------------------------------------------------------------------------
Finished Final Netlist Cleanup
---------------------------------------------------------------------------------
---------------------------------------------------------------------------------
Finished IO Insertion : Time (s): cpu = 00:00:23 ; elapsed = 00:00:24 . Memory (MB): peak = 1484.852 ; gain = 632.734
---------------------------------------------------------------------------------
---------------------------------------------------------------------------------
Start Renaming Generated Instances
---------------------------------------------------------------------------------
---------------------------------------------------------------------------------
Finished Renaming Generated Instances : Time (s): cpu = 00:00:23 ; elapsed = 00:00:24 . Memory (MB): peak = 1484.852 ; gain = 632.734
---------------------------------------------------------------------------------
---------------------------------------------------------------------------------
Start Rebuilding User Hierarchy
---------------------------------------------------------------------------------
---------------------------------------------------------------------------------
Finished Rebuilding User Hierarchy : Time (s): cpu = 00:00:23 ; elapsed = 00:00:24 . Memory (MB): peak = 1484.852 ; gain = 632.734
---------------------------------------------------------------------------------
---------------------------------------------------------------------------------
Start Renaming Generated Ports
---------------------------------------------------------------------------------
---------------------------------------------------------------------------------
Finished Renaming Generated Ports : Time (s): cpu = 00:00:23 ; elapsed = 00:00:24 . Memory (MB): peak = 1484.852 ; gain = 632.734
---------------------------------------------------------------------------------
---------------------------------------------------------------------------------
Start Handling Custom Attributes
---------------------------------------------------------------------------------
---------------------------------------------------------------------------------
Finished Handling Custom Attributes : Time (s): cpu = 00:00:23 ; elapsed = 00:00:24 . Memory (MB): peak = 1484.852 ; gain = 632.734
---------------------------------------------------------------------------------
---------------------------------------------------------------------------------
Start Renaming Generated Nets
---------------------------------------------------------------------------------
---------------------------------------------------------------------------------
Finished Renaming Generated Nets : Time (s): cpu = 00:00:23 ; elapsed = 00:00:24 . Memory (MB): peak = 1484.852 ; gain = 632.734
---------------------------------------------------------------------------------
---------------------------------------------------------------------------------
Start Writing Synthesis Report
---------------------------------------------------------------------------------

Report BlackBoxes: 
+-+--------------+----------+
| |BlackBox name |Instances |
+-+--------------+----------+
+-+--------------+----------+

Report Cell Usage: 
+------+-------+------+
|      |Cell   |Count |
+------+-------+------+
|1     |BUFG   |     1|
|2     |CARRY4 |    12|
|3     |LUT1   |     2|
|4     |LUT2   |     5|
|5     |LUT3   |     4|
|6     |LUT4   |    17|
|7     |LUT5   |     6|
|8     |LUT6   |    13|
|9     |FDRE   |    63|
|10    |IBUF   |    19|
|11    |OBUF   |    11|
+------+-------+------+
---------------------------------------------------------------------------------
Finished Writing Synthesis Report : Time (s): cpu = 00:00:23 ; elapsed = 00:00:24 . Memory (MB): peak = 1484.852 ; gain = 632.734
---------------------------------------------------------------------------------
Synthesis finished with 0 errors, 0 critical warnings and 1 warnings.
Synthesis Optimization Runtime : Time (s): cpu = 00:00:16 ; elapsed = 00:00:23 . Memory (MB): peak = 1484.852 ; gain = 548.438
Synthesis Optimization Complete : Time (s): cpu = 00:00:23 ; elapsed = 00:00:24 . Memory (MB): peak = 1484.852 ; gain = 632.734
INFO: [Project 1-571] Translating synthesized netlist
Netlist sorting complete. Time (s): cpu = 00:00:00 ; elapsed = 00:00:00.002 . Memory (MB): peak = 1484.852 ; gain = 0.000
INFO: [Netlist 29-17] Analyzing 12 Unisim elements for replacement
INFO: [Netlist 29-28] Unisim Transformation completed in 0 CPU seconds
INFO: [Project 1-570] Preparing netlist for logic optimization
INFO: [Opt 31-138] Pushed 0 inverter(s) to 0 load pin(s).
Netlist sorting complete. Time (s): cpu = 00:00:00 ; elapsed = 00:00:00 . Memory (MB): peak = 1484.852 ; gain = 0.000
INFO: [Project 1-111] Unisim Transformation Summary:
No Unisim elements were transformed.

Системе не удается найти указанный путь.
Synth Design complete | Checksum: 9a442252
INFO: [Common 17-83] Releasing license: Synthesis
27 Infos, 21 Warnings, 19 Critical Warnings and 0 Errors encountered.
synth_design completed successfully
synth_design: Time (s): cpu = 00:00:27 ; elapsed = 00:00:28 . Memory (MB): peak = 1484.852 ; gain = 1023.738
INFO: [runtcl-6] Synthesis results are not added to the cache due to CRITICAL_WARNING
Write ShapeDB Complete: Time (s): cpu = 00:00:00 ; elapsed = 00:00:00.001 . Memory (MB): peak = 1484.852 ; gain = 0.000
INFO: [Common 17-1381] The checkpoint 'C:/Users/perhat.amanlyyev/cs223_lab5/cs223_lab5.runs/synth_1/secundomer.dcp' has been generated.
INFO: [runtcl-4] Executing : report_utilization -file secundomer_utilization_synth.rpt -pb secundomer_utilization_synth.pb
INFO: [Common 17-206] Exiting Vivado at Mon Apr 29 14:34:24 2024...
